[2015.12.04-19.36.01:091][  0]Log file open, 12/04/15 11:36:01
[2015.12.04-19.36.01:091][  0]LogInit:Display: Running engine for game: RedCreek
[2015.12.04-19.36.01:092][  0]LogPlatformFile: Not using cached read wrapper
[2015.12.04-19.36.01:092][  0]LogInit:Display: RandInit(428951908) SRandInit(428951910).
[2015.12.04-19.36.01:092][  0]LogTaskGraph: Started task graph with 4 named threads and 8 total threads.
[2015.12.04-19.36.01:092][  0]LogStats: Stats thread started at 0.563714
[2015.12.04-19.36.01:092][  0]LogInit: Version: 4.10.0-2758231+++depot+UE4-Releases+4.10
[2015.12.04-19.36.01:092][  0]LogInit: API Version: 2758231
[2015.12.04-19.36.01:092][  0]LogInit: Compiled (64-bit): Nov  7 2015 05:13:45
[2015.12.04-19.36.01:092][  0]LogInit: Compiled with Visual C++: 19.00.23026.00
[2015.12.04-19.36.01:092][  0]LogInit: Build Configuration: Development
[2015.12.04-19.36.01:092][  0]LogInit: Branch Name: ++depot+UE4-Releases+4.10
[2015.12.04-19.36.01:092][  0]LogInit: Command line:  
[2015.12.04-19.36.01:092][  0]LogInit: Base directory: C:/Program Files/Epic Games/4.10/Engine/Binaries/Win64/
[2015.12.04-19.36.01:092][  0]LogInit: Rocket: 1
[2015.12.04-19.36.01:136][  0]LogInit: Using libcurl 7.41.0
[2015.12.04-19.36.01:136][  0]LogInit:  - built for x86_64-pc-win32
[2015.12.04-19.36.01:136][  0]LogInit:  - supports SSL with WinSSL
[2015.12.04-19.36.01:136][  0]LogInit:  - other features:
[2015.12.04-19.36.01:136][  0]LogInit:      CURL_VERSION_SSL
[2015.12.04-19.36.01:136][  0]LogInit:      CURL_VERSION_IPV6
[2015.12.04-19.36.01:136][  0]LogInit:      CURL_VERSION_ASYNCHDNS
[2015.12.04-19.36.01:136][  0]LogInit:      CURL_VERSION_LARGEFILE
[2015.12.04-19.36.01:136][  0]LogInit:      CURL_VERSION_IDN
[2015.12.04-19.36.01:138][  0]LogInit:  CurlRequestOptions (configurable via config and command line):
[2015.12.04-19.36.01:138][  0]LogInit:  - bVerifyPeer = true  - Libcurl will verify peer certificate
[2015.12.04-19.36.01:138][  0]LogInit:  - bUseHttpProxy = false  - Libcurl will NOT use HTTP proxy
[2015.12.04-19.36.01:138][  0]LogInit:  - bDontReuseConnections = false  - Libcurl will reuse connections
[2015.12.04-19.36.01:138][  0]LogInit:  - CertBundlePath = nullptr  - Libcurl will use whatever was configured at build time.
[2015.12.04-19.36.01:180][  0]LogInit: Presizing for 0 objects not considered by GC, pre-allocating 0 bytes.
[2015.12.04-19.36.01:195][  0]LogInit: Object subsystem initialized
[2015.12.04-19.36.01:209][  0]LogInit: Selected Device Profile: [Windows]
[2015.12.04-19.36.01:209][  0]LogInit: Applying CVar settings loaded from the selected device profile: [Windows]
[2015.12.04-19.36.01:227][  0]LogInit: Computer: DESKTOP
[2015.12.04-19.36.01:227][  0]LogInit: User: 3
[2015.12.04-19.36.01:227][  0]LogInit: CPU Page size=4096, Cores=6
[2015.12.04-19.36.01:227][  0]LogInit: High frequency timer resolution =3.322368 MHz
[2015.12.04-19.36.01:227][  0]LogMemory: Memory total: Physical=31.9GB (32GB approx)
[2015.12.04-19.36.01:227][  0]LogMemory: Platform Memory Stats for Windows
[2015.12.04-19.36.01:227][  0]LogMemory: Process Physical Memory: 54.83 MB used, 54.83 MB peak
[2015.12.04-19.36.01:227][  0]LogMemory: Process Virtual Memory: 58.45 MB used, 58.45 MB peak
[2015.12.04-19.36.01:227][  0]LogMemory: Physical Memory: 4822.96 MB used, 32708.45 MB total
[2015.12.04-19.36.01:227][  0]LogMemory: Virtual Memory: 363.04 MB used, 134217728.00 MB total
[2015.12.04-19.36.01:486][  0]LogTextLocalizationManager: No specific translations for ('en-US') exist, so ('en') translations will be used.
[2015.12.04-19.36.01:961][  0]LogD3D11RHI: Found D3D11 adapter 0: AMD FirePro W7000 (FireGL V) (Feature Level 11_0)
[2015.12.04-19.36.01:961][  0]LogD3D11RHI: Adapter has 4078MB of dedicated video memory, 0MB of dedicated system memory, and 3840MB of shared system memory, 1 output[s]
[2015.12.04-19.36.01:961][  0]LogD3D11RHI: Found D3D11 adapter 1: Microsoft Basic Render Driver (Feature Level 11_0)
[2015.12.04-19.36.01:961][  0]LogD3D11RHI: Adapter has 0MB of dedicated video memory, 0MB of dedicated system memory, and 256MB of shared system memory, 0 output[s]
[2015.12.04-19.36.01:962][  0]LogD3D11RHI: Chosen D3D11 Adapter Id = 0
[2015.12.04-19.36.01:965][  0]LogD3D11RHI: !Direct3DDevice
[2015.12.04-19.36.01:965][  0]LogRHI: Texture pool is 1361 MB (70% of 1945 MB)
[2015.12.04-19.36.01:994][  0]LogD3D11RHI: Async texture creation disabled: no driver support
[2015.12.04-19.36.02:025][  0]LogShaderCompilers: Guid format shader working directory is -18 characters bigger than the processId version (../../../../../../Users/1/Documents/GitHub/RedCreek/RedCreek/Intermediate/Shaders/WorkingDirectory/7512/).
[2015.12.04-19.36.02:025][  0]LogShaderCompilers: Cleaned the shader compiler working directory 'C:/Users/1/AppData/Local/Temp/UnrealShaderWorkingDir/D251F7C942FC7C37C1F214A711D3E34D/'.
[2015.12.04-19.36.02:025][  0]LogShaderCompilers:Display: Using Local Shader Compiler.
[2015.12.04-19.36.03:535][  0]LogTemp:Display: Loaded TP AllDesktopTargetPlatform
[2015.12.04-19.36.03:540][  0]LogTemp:Display: Loaded TP WindowsClientTargetPlatform
[2015.12.04-19.36.03:544][  0]LogTemp:Display: Loaded TP WindowsNoEditorTargetPlatform
[2015.12.04-19.36.03:551][  0]LogTemp:Display: Loaded TP WindowsServerTargetPlatform
[2015.12.04-19.36.03:556][  0]LogTemp:Display: Loaded TP WindowsTargetPlatform
[2015.12.04-19.36.03:564][  0]LogTemp:Display: Loaded TP AndroidTargetPlatform
[2015.12.04-19.36.03:569][  0]LogTemp:Display: Loaded TP Android_ASTCTargetPlatform
[2015.12.04-19.36.03:573][  0]LogTemp:Display: Loaded TP Android_ATCTargetPlatform
[2015.12.04-19.36.03:576][  0]LogTemp:Display: Loaded TP Android_DXTTargetPlatform
[2015.12.04-19.36.03:580][  0]LogTemp:Display: Loaded TP Android_ETC1TargetPlatform
[2015.12.04-19.36.03:584][  0]LogTemp:Display: Loaded TP Android_ETC2TargetPlatform
[2015.12.04-19.36.03:591][  0]LogTemp:Display: Loaded TP Android_MultiTargetPlatform
[2015.12.04-19.36.03:591][  0]LogTemp:Display: Loaded TP Android_PVRTCTargetPlatform
[2015.12.04-19.36.03:592][  0]LogTemp:Display: Loaded TP HTML5TargetPlatform
[2015.12.04-19.36.03:637][  0]LogTemp:Display: Loaded TP IOSTargetPlatform
[2015.12.04-19.36.03:641][  0]LogTemp:Display: Loaded TP LinuxNoEditorTargetPlatform
[2015.12.04-19.36.03:644][  0]LogTemp:Display: Loaded TP LinuxServerTargetPlatform
[2015.12.04-19.36.03:649][  0]LogTemp:Display: Loaded TP LinuxTargetPlatform
[2015.12.04-19.36.03:649][  0]LogTargetPlatformManager:Display: Building Assets For Windows
[2015.12.04-19.36.03:971][  0]LogDerivedDataCache:Display: Max Cache Size: 512 MB
[2015.12.04-19.36.04:143][  0]LogDerivedDataCache: Loaded boot cache 0.17s 41MB C:/Users/1/AppData/Local/UnrealEngine/4.10/DerivedDataCache/Boot.ddc.
[2015.12.04-19.36.04:143][  0]LogDerivedDataCache:Display: Loaded Boot cache: C:/Users/1/AppData/Local/UnrealEngine/4.10/DerivedDataCache/Boot.ddc
[2015.12.04-19.36.04:143][  0]LogDerivedDataCache: FDerivedDataBackendGraph:  Pak pak cache file ../../../../../../Users/1/Documents/GitHub/RedCreek/RedCreek/DerivedDataCache/DDC.ddp not found, will not use a pak cache.
[2015.12.04-19.36.04:143][  0]LogDerivedDataCache: Unable to find inner node Pak for hierarchical cache Hierarchy.
[2015.12.04-19.36.04:143][  0]LogDerivedDataCache: FDerivedDataBackendGraph:  CompressedPak pak cache file ../../../../../../Users/1/Documents/GitHub/RedCreek/RedCreek/DerivedDataCache/Compressed.ddp not found, will not use a pak cache.
[2015.12.04-19.36.04:143][  0]LogDerivedDataCache: Unable to find inner node CompressedPak for hierarchical cache Hierarchy.
[2015.12.04-19.36.04:213][  0]LogDerivedDataCache:Display: Pak cache opened for reading ../../../Engine/DerivedDataCache/Compressed.ddp.
[2015.12.04-19.36.04:226][  0]LogDerivedDataCache: Using Local data cache path C:/Users/1/AppData/Local/UnrealEngine/Common/DerivedDataCache: Writable
[2015.12.04-19.36.07:153][  0]LogInit: Selected Device Profile: [Windows]
[2015.12.04-19.36.07:161][  0]LogContentStreaming: Texture pool size is 0.000000MB
[2015.12.04-19.36.07:395][  0]LogMeshUtilities: No automatic mesh reduction module available
[2015.12.04-19.36.07:395][  0]LogMeshUtilities: No automatic mesh merging module available
[2015.12.04-19.36.07:981][  0]LogInit: WinSock: version 1.1 (2.2), MaxSocks=32767, MaxUdp=65467
[2015.12.04-19.36.10:216][  0]UdpMessaging: Initializing bridge on interface 0.0.0.0:0 to multicast group 230.0.0.1:6666.
[2015.12.04-19.36.10:394][  0]LogAssetRegistry: FAssetRegistry took 0.0146 seconds to start up
[2015.12.04-19.36.10:718][  0]SourceControl: Info Source control is disabled
[2015.12.04-19.36.10:719][  0]SourceControl: Info Source control is disabled
[2015.12.04-19.36.10:737][  0]SourceControl: Info Source control is disabled
[2015.12.04-19.36.10:749][  0]SourceControl: Info Source control is disabled
[2015.12.04-19.36.11:166][  0]LogObj: 28633 objects as part of root set at end of initial load.
[2015.12.04-19.36.11:166][  0]LogUObjectAllocator: 6099752 out of 0 bytes used by permanent object pool.
[2015.12.04-19.36.11:308][  0]LogEngine: Initializing Engine...
[2015.12.04-19.36.11:311][  0]LogHMD: Can't find Oculus library dev build: is proper Runtime installed? Version: 0.8.0.0
[2015.12.04-19.36.11:328][  0]LogHMD: SteamVR failed to initialize.  Err: 110
[2015.12.04-19.36.11:544][  0]LogAIModule: Creating AISystem for world NewWorld
[2015.12.04-19.36.11:571][  0]LogInit: XAudio2 using 'Speakers (Jabra SPEAK 510 USB)' : 2 channels at 48 kHz using 16 bits per sample (channel mask 0x3)
[2015.12.04-19.36.11:592][  0]LogInit: FAudioDevice initialized.
[2015.12.04-19.36.11:609][  0]LogDerivedDataCache: Saved boot cache 0.02s 41MB C:/Users/1/AppData/Local/UnrealEngine/4.10/DerivedDataCache/Boot.ddc.
[2015.12.04-19.36.11:616][  0]LogInit: Texture streaming: Enabled
[2015.12.04-19.36.11:622][  0]LogAnalytics: Creating configured Analytics provider AnalyticsET
[2015.12.04-19.36.11:623][  0]LogAnalytics: [UEEditor.Rocket.Release] APIServer = http://et2.epicgames.com/ET2/. AppVersion = 4.10.0-2758231+++depot+UE4-Releases+4.10
[2015.12.04-19.36.11:623][  0]LogAnalytics: [UEEditor.Rocket.Release] SetUserId e1ce972148f56f7553608e884b891f05|f113f3cbb9d24d94ab3a8fb7882774bd|a1fd1e11-fe35-4c8e-8566-6d4e489db516
[2015.12.04-19.36.11:623][  0]LogAnalytics: [UEEditor.Rocket.Release] AnalyticsET::StartSession
[2015.12.04-19.36.11:687][  0]LogInit: Transaction tracking system initialized
[2015.12.04-19.36.11:751][  0]BlueprintLog: New page: Editor Load
[2015.12.04-19.36.11:946][  0]LocalizationService: Info Localization service is disabled
[2015.12.04-19.36.12:057][  0]LogLinker:Warning: Can't find file '/Game/ThirdPersonBP/ThirdPersonOverview'
[2015.12.04-19.36.12:057][  0]LogLinker:Warning: Can't find file '/Game/ThirdPersonBP/ThirdPersonOverview'
[2015.12.04-19.36.12:057][  0]LogUObjectGlobals:Warning: Failed to find object 'Class /Game/ThirdPersonBP/ThirdPersonOverview.ThirdPersonOverview_C'
[2015.12.04-19.36.12:060][  0]LogUObjectGlobals:Warning: Failed to find object 'Class /Engine/Tutorial/Mobile/SettingUpAndroidTutorial.SettingUpAndroidTutorial_C'
[2015.12.04-19.36.12:095][  0]LogConsoleResponse:Display: 
[2015.12.04-19.36.12:359][  0]LogCook:Display: Done creating registry. It took  0.00s.
[2015.12.04-19.36.12:465][  0]LogFileCache: Scanning file cache for directory 'C:/Users/1/Documents/GitHub/RedCreek/RedCreek/Content/' took 0.01s
[2015.12.04-19.36.12:465][  0]SourceControl: Info Source control is disabled
[2015.12.04-19.36.12:467][  0]Cmd: MAP LOAD FILE="../../../../../../Users/1/Documents/GitHub/RedCreek/RedCreek/Content/RedCreek/Levels/MainMenu.umap" TEMPLATE=0 SHOWPROGRESS=1 FEATURELEVEL=3
[2015.12.04-19.36.12:470][  0]LightingResults: New page: Lighting Build
[2015.12.04-19.36.12:479][  0]MapCheck: New page: Map Check
[2015.12.04-19.36.12:479][  0]LightingResults: New page: Lighting Build
[2015.12.04-19.36.12:494][  0]LogParticles: Destroying 0 GPU particle simulations for FXSystem 0x0000001B24532AC0
[2015.12.04-19.36.12:638][  0]LogAIModule: Creating AISystem for world MainMenu
[2015.12.04-19.36.12:642][  0]LogEditorServer: Finished looking for orphan Actors (0.000 secs)
[2015.12.04-19.36.12:644][  0]Cmd: MAP CHECKDEP NOCLEARLOG
[2015.12.04-19.36.12:684][  0]MapCheck: Info Map check complete: 0 Error(s), 0 Warning(s), took 40.481ms to complete.
[2015.12.04-19.36.12:684][  0]LogFileHelpers: Loading map 'MainMenu' took 0.218
[2015.12.04-19.36.12:854][  0]LogCollectionManager: Loaded 0 collections in 0.001891 seconds
[2015.12.04-19.36.12:912][  0]LogFileCache: Scanning file cache for directory 'C:/Users/1/Documents/GitHub/RedCreek/RedCreek/Saved/Collections/' took 0.01s
[2015.12.04-19.36.12:912][  0]LogFileCache: Scanning file cache for directory 'C:/Users/1/Documents/GitHub/RedCreek/RedCreek/Content/Developers/3/Collections/' took 0.01s
[2015.12.04-19.36.12:912][  0]LogFileCache: Scanning file cache for directory 'C:/Users/1/Documents/GitHub/RedCreek/RedCreek/Content/Collections/' took 0.01s
[2015.12.04-19.36.12:912][  0]LogCollectionManager: Rebuilt the GUID cache for 0 collections in 0.000007 seconds
[2015.12.04-19.36.12:922][  0]LogContentBrowser: Native class hierarchy populated in 0.0093 seconds. Added 1893 classes and 338 folders.
[2015.12.04-19.36.12:934][  0]LogContentBrowser: Native class hierarchy updated for 'WidgetCarousel' in 0.0007 seconds. Added 0 classes and 0 folders.
[2015.12.04-19.36.13:191][  0]LogContentBrowser: Native class hierarchy updated for 'AddContentDialog' in 0.0009 seconds. Added 0 classes and 0 folders.
[2015.12.04-19.36.13:203][  0]LogContentBrowser: Native class hierarchy updated for 'SceneOutliner' in 0.0008 seconds. Added 1 classes and 2 folders.
[2015.12.04-19.36.13:381][  0]LogCrashTracker: Crashtracker disabled due to settings.
[2015.12.04-19.36.13:396][  0]LogUObjectGlobals:Warning: Failed to find object 'Class None.'
[2015.12.04-19.36.13:421][  0]LogLoad: Full Startup: 13.84 seconds (BP compile: 0.10 seconds)
[2015.12.04-19.36.13:432][  0]LogOcInput: Can't find Oculus library dev build: is proper Runtime installed? Version: 0.8.0.0
[2015.12.04-19.36.13:503][  0]LogContentStreaming: Texture pool size now 1000 MB
[2015.12.04-19.36.13:639][  0]LogRenderer: Reallocating scene render targets to support 1424x556 (Frame:2).
[2015.12.04-19.36.13:777][  2]LogAssetRegistry: Asset discovery search completed in 3.3967 seconds
[2015.12.04-19.36.13:778][  2]LogCollectionManager: Rebuilt the object cache for 0 collections in 0.000001 seconds (found 0 objects)
[2015.12.04-19.36.13:778][  2]LogCollectionManager: Fixed up redirectors for 0 collections in 0.000246 seconds (updated 0 objects)
[2015.12.04-19.36.22:223][962]LogLinker:Warning: Asset '../../../Engine/Content/ArtTools/RenderToTexture/Macros/RenderToTextureMacros.uasset' has been saved with empty engine version. The asset will be loaded but may be incompatible.
[2015.12.04-19.36.22:689][962]LogContentBrowser: Native class hierarchy updated for 'BlueprintGraph' in 0.0011 seconds. Added 107 classes and 0 folders.
[2015.12.04-19.36.39:058][777]LogSavePackage: Save=5.390131ms
[2015.12.04-19.36.39:058][777]LogSavePackage: Moving '../../../../../../Users/1/Documents/GitHub/RedCreek/RedCreek/Saved/Struct_PickUpInfo8498535B4CD73EF615B8EB8D048C8986.tmp' to '../../../../../../Users/1/Documents/GitHub/RedCreek/RedCreek/Content/RedCreek/Blueprints/Struct_PickUpInfo.uasset'
[2015.12.04-19.36.39:065][777]LogSavePackage: Total save time: 29.590338ms
[2015.12.04-19.36.39:065][777]LogSavePackage:Display: Finished SavePackage ../../../../../../Users/1/Documents/GitHub/RedCreek/RedCreek/Content/RedCreek/Blueprints/Struct_PickUpInfo.uasset
[2015.12.04-19.36.40:848][980]LogActorComponent: UnregisterComponent: (/Engine/Transient.EditorFloorComp) Not registered. Aborting.
[2015.12.04-19.36.53:034][422]SourceControl:Error: Error Failed to enable Git source control. You need to initialize the project as a Git repository first.
[2015.12.04-19.39.37:205][  6]SourceControl:Error: Error Failed to enable Git source control. You need to initialize the project as a Git repository first.
[2015.12.04-19.43.43:233][160]SourceControl:Error: Error Failed to enable Git source control. You 